raymond@packer-Ubuntu-18:~/spacetime$ python3 -m Python.applications.heat_equation_test
X_delta: dofs time axis=3       dofs space axis=25
HeatEquation with #(Y_delta, X_delta)=(26, 22)
....
MINRES solved in 4 iterations with a residual norm 5.016424903813806e-16
Time per dof is approximately 0.0007763434453125032
-- Results for level = 2 --
        dofs: 2
        time_per_dof: 0.0008
        errors: [0.0107 0.0082 0.0068 0.0065 0.007  0.0082 0.0104 0.0136 0.0178]
        rates: [0, 0, 0, 0, 0, 0, 0, 0, 0]


X_delta: dofs time axis=5       dofs space axis=41
HeatEquation with #(Y_delta, X_delta)=(36, 31)
...........
MINRES solved in 11 iterations with a residual norm 3.3610035795303044e-13
Time per dof is approximately 0.000854841757123472
-- Results for level = 3 --
        dofs: 11
        time_per_dof: 0.0009
        errors: [0.0068 0.0063 0.0067 0.0079 0.01   0.0098 0.0105 0.012  0.0145]
        rates: [ 0.265   0.1512  0.0131 -0.113  -0.2123 -0.1    -0.0043  0.0696  0.1198]


X_delta: dofs time axis=5       dofs space axis=81
HeatEquation with #(Y_delta, X_delta)=(84, 67)
...............
MINRES solved in 15 iterations with a residual norm 4.929697405681226e-10
Time per dof is approximately 0.0008053774909492285
-- Results for level = 4 --
        dofs: 19
        time_per_dof: 0.0008
        errors: [0.0053 0.0044 0.0045 0.0053 0.0072 0.0067 0.0071 0.0084 0.0106]
        rates: [ 0.3147  0.2731  0.189   0.0861 -0.0146  0.0936  0.1689  0.2116  0.2281]


X_delta: dofs time axis=9       dofs space axis=145
HeatEquation with #(Y_delta, X_delta)=(128, 105)
...................................
MINRES solved in 35 iterations with a residual norm 2.091850287314842e-05
Time per dof is approximately 0.0009891247681177197
-- Results for level = 5 --
        dofs: 57
        time_per_dof: 0.0010
        errors: [0.002  0.0017 0.0023 0.0018 0.0021 0.0021 0.0029 0.0031 0.0043]
        rates: [0.4954 0.4653 0.3211 0.3836 0.3575 0.4098 0.384  0.4376 0.4264]


X_delta: dofs time axis=9       dofs space axis=289
HeatEquation with #(Y_delta, X_delta)=(280, 221)
.......................................................
MINRES solved in 55 iterations with a residual norm 5.013128791513934e-05
Time per dof is approximately 0.0009390512487933232
-- Results for level = 6 --
        dofs: 109
        time_per_dof: 0.0009
        errors: [0.0015 0.0011 0.0017 0.0013 0.0017 0.0015 0.0021 0.0022 0.0031]
        rates: [0.491  0.4905 0.3403 0.4097 0.3583 0.4319 0.3963 0.4578 0.4337]


X_delta: dofs time axis=17      dofs space axis=545
HeatEquation with #(Y_delta, X_delta)=(464, 377)
.............................................................................................
MINRES solved in 93 iterations with a residual norm 0.00010859500240134765
Time per dof is approximately 0.0011102285311329308
-- Results for level = 7 --
        dofs: 265
        time_per_dof: 0.0011
        errors: [0.0005 0.0007 0.0005 0.0005 0.0007 0.0006 0.0006 0.0008 0.0012]
        rates: [0.6178 0.5118 0.551  0.5355 0.4777 0.5236 0.5697 0.5726 0.5556]


X_delta: dofs time axis=17      dofs space axis=1089
HeatEquation with #(Y_delta, X_delta)=(976, 777)
..................................................................................................................................
MINRES solved in 130 iterations with a residual norm 0.00014413230771569735
Time per dof is approximately 0.0011438207696388603
-- Results for level = 8 --
        dofs: 521
        time_per_dof: 0.0011
        errors: [0.0003 0.0005 0.0004 0.0004 0.0005 0.0005 0.0005 0.0006 0.0009]
        rates: [0.6182 0.5018 0.5248 0.52   0.4707 0.5089 0.5443 0.554  0.5437]


X_delta: dofs time axis=33      dofs space axis=2113
HeatEquation with #(Y_delta, X_delta)=(1728, 1409)
.........................................................................................................................................................................................
MINRES solved in 185 iterations with a residual norm 0.0001994513725518289
Time per dof is approximately 0.0012714382650897305
-- Results for level = 9 --
        dofs: 1153
        time_per_dof: 0.0013
        errors: [0.0001 0.0001 0.0001 0.0001 0.0002 0.0001 0.0002 0.0002 0.0003]
        rates: [0.6917 0.6478 0.6179 0.6464 0.5712 0.6312 0.6319 0.6585 0.6312]


X_delta: dofs time axis=33      dofs space axis=4225
HeatEquation with #(Y_delta, X_delta)=(3552, 2865)
...........................................................................................................................................................................................................................
MINRES solved in 219 iterations with a residual norm 0.000241156427435265
Time per dof is approximately 0.0012898765019564893
-- Results for level = 10 --
        dofs: 2289
        time_per_dof: 0.0013
        errors: [7.6198e-05 9.7549e-05 9.6803e-05 8.1616e-05 1.3506e-04 1.1737e-04 1.4716e-04 1.6412e-04 2.4196e-04]
        rates: [0.7021 0.6287 0.604  0.6212 0.5601 0.6038 0.6046 0.6267 0.6101]


X_delta: dofs time axis=65      dofs space axis=8321
HeatEquation with #(Y_delta, X_delta)=(6592, 5409)
..............................................................................................................................................................................................................................................................................
...............................
MINRES solved in 301 iterations with a residual norm 0.000335854073069139
Time per dof is approximately 0.001402019139398131
-- Results for level = 11 --
        dofs: 4833
        time_per_dof: 0.0014
        errors: [4.6987e-05 3.1641e-05 3.1598e-05 2.6951e-05 5.0019e-05 4.5371e-05 5.9906e-05 7.0666e-05 1.0323e-04]
        rates: [0.6968 0.713  0.6898 0.7038 0.6339 0.6679 0.6619 0.6748 0.6609]


X_delta: dofs time axis=65      dofs space axis=16641
HeatEquation with #(Y_delta, X_delta)=(13376, 10913)
..............................................................................................................................................................................................................................................................................
.................................................................
MINRES solved in 335 iterations with a residual norm 0.00037485201246231504
Time per dof is approximately 0.0014585551439405939
-- Results for level = 12 --
        dofs: 9633
        time_per_dof: 0.0015
        errors: [3.2463e-05 2.1103e-05 1.9557e-05 2.0057e-05 3.8358e-05 3.9074e-05 5.0585e-05 6.1575e-05 8.2333e-05]
        rates: [0.6837 0.7027 0.6903 0.6814 0.6136 0.6311 0.628  0.6361 0.6338]


X_delta: dofs time axis=129     dofs space axis=33025
HeatEquation with #(Y_delta, X_delta)=(25600, 21121)
..............................................................................................................................................................................................................................................................................
....................................................................................................................................................................................................................
MINRES solved in 482 iterations with a residual norm 0.000758567052683628
Time per dof is approximately 0.0015789884625158964
-- Results for level = 13 --
        dofs: 19841
        time_per_dof: 0.0016
        errors: [3.3272e-05 2.1457e-05 2.3240e-05 2.4018e-05 3.0667e-05 3.5552e-05 4.0599e-05 5.6990e-05 5.8625e-05]
        rates: [0.6274 0.6457 0.6173 0.6083 0.5898 0.5919 0.6026 0.5946 0.621 ]


X_delta: dofs time axis=129     dofs space axis=66049
HeatEquation with #(Y_delta, X_delta)=(51584, 42433)
..............................................................................................................................................................................................................................................................................
...........................................................................................................................................................................................................
MINRES solved in 517 iterations with a residual norm 0.0007995398451761903
Time per dof is approximately 0.0016556052776150654
-- Results for level = 14 --
        dofs: 39617
        time_per_dof: 0.0017
        errors: [2.9250e-05 2.6756e-05 3.1933e-05 3.0096e-05 3.3413e-05 3.6822e-05 3.7184e-05 4.8840e-05 5.6364e-05]
        rates: [0.5965 0.5783 0.5421 0.543  0.5399 0.5469 0.5694 0.5686 0.5815]


Traceback (most recent call last):
  File "/usr/lib/python3.6/runpy.py", line 193, in _run_module_as_main
    "__main__", mod_spec)
  File "/usr/lib/python3.6/runpy.py", line 85, in _run_code
    exec(code, run_globals)
  File "/home/raymond/spacetime/Python/applications/heat_equation_test.py", line 353, in <module>
    save_results_file='error_reduction.pickle',
  File "/home/raymond/spacetime/Python/applications/heat_equation_test.py", line 334, in test_heat_error_reduction
    assert sum(errors_quad[-1] <= errors_quad[-2]) > 0.5 * n_t
AssertionError
